2023-04-12 11:39:33,324 [Worker-4: Loading available Gradle versions] INFO  o.e.b.c.i.u.g.PublishedGradleVersions - Gradle version information cache is up-to-date. Trying to read.
2023-04-12 11:54:11,401 [Worker-0: Import Getting Started Content] INFO  o.e.m.c.i.l.LifecycleMappingFactory - Using org.eclipse.m2e.jdt.JarLifecycleMapping lifecycle mapping for MavenProject: com.example:SpringSecurity:0.0.1-SNAPSHOT @ D:\SecuritySpring\SpringSecurity\SpringSecurity\pom.xml.
2023-04-12 11:54:15,196 [Worker-0: Import Getting Started Content] INFO  o.e.m.j.i.AbstractJavaProjectConfigurator - Adding source folder /SpringSecurity/src/main/java
2023-04-12 11:54:15,197 [Worker-0: Import Getting Started Content] INFO  o.e.m.j.i.AbstractJavaProjectConfigurator - Adding resource folder /SpringSecurity/src/main/resources
2023-04-12 11:54:15,212 [Worker-0: Import Getting Started Content] INFO  o.e.m.j.i.AbstractJavaProjectConfigurator - Adding resource folder /SpringSecurity/src/main/resources
2023-04-12 11:54:15,222 [Worker-0: Import Getting Started Content] INFO  o.e.m.j.i.AbstractJavaProjectConfigurator - Adding source folder /SpringSecurity/src/test/java
2023-04-12 11:54:24,084 [Worker-0: Import Getting Started Content] INFO  o.e.m.c.i.p.ProjectConfigurationManager - Imported and configured 1 project(s) in 16 sec
2023-04-12 11:54:24,090 [Worker-0: Import Getting Started Content] INFO  o.e.m.c.i.p.ProjectConfigurationManager - Update started
2023-04-12 11:54:25,492 [Worker-0: Import Getting Started Content] INFO  o.e.m.c.i.l.LifecycleMappingFactory - Using org.eclipse.m2e.jdt.JarLifecycleMapping lifecycle mapping for MavenProject: com.example:SpringSecurity:0.0.1-SNAPSHOT @ D:\SecuritySpring\SpringSecurity\SpringSecurity\pom.xml.
2023-04-12 11:54:27,308 [Worker-0: Import Getting Started Content] INFO  o.e.m.j.i.AbstractJavaProjectConfigurator - Adding source folder /SpringSecurity/src/main/java
2023-04-12 11:54:27,309 [Worker-0: Import Getting Started Content] INFO  o.e.m.j.i.AbstractJavaProjectConfigurator - Adding resource folder /SpringSecurity/src/main/resources
2023-04-12 11:54:27,312 [Worker-0: Import Getting Started Content] INFO  o.e.m.j.i.AbstractJavaProjectConfigurator - Adding resource folder /SpringSecurity/src/main/resources
2023-04-12 11:54:27,314 [Worker-0: Import Getting Started Content] INFO  o.e.m.j.i.AbstractJavaProjectConfigurator - Adding source folder /SpringSecurity/src/test/java
2023-04-12 11:54:28,295 [Worker-0: Import Getting Started Content] INFO  o.e.m.c.i.p.ProjectConfigurationManager - Update completed: 4 sec
2023-04-12 11:54:29,414 [Worker-3: Building] INFO  o.a.m.s.f.DefaultMavenResourcesFiltering - Copying 1 resource
2023-04-12 11:54:29,444 [Worker-3: Building] INFO  o.a.m.s.f.DefaultMavenResourcesFiltering - Copying 0 resource
2023-04-12 11:54:29,449 [Worker-3: Building] INFO  o.a.m.s.f.DefaultMavenResourcesFiltering - skip non existing resourceDirectory D:\SecuritySpring\SpringSecurity\SpringSecurity\src\test\resources
2023-04-12 11:55:59,832 [Worker-15: Building] INFO  o.a.m.s.f.DefaultMavenResourcesFiltering - Copying 1 resource
2023-04-12 11:55:59,842 [Worker-15: Building] INFO  o.a.m.s.f.DefaultMavenResourcesFiltering - Copying 0 resource
2023-04-12 11:55:59,846 [Worker-15: Building] INFO  o.a.m.s.f.DefaultMavenResourcesFiltering - skip non existing resourceDirectory D:\SecuritySpring\SpringSecurity\SpringSecurity\src\test\resources
2023-04-12 11:56:06,837 [Worker-12: Building] INFO  o.a.m.s.f.DefaultMavenResourcesFiltering - Copying 1 resource
2023-04-12 11:56:07,015 [Worker-12: Building] INFO  o.a.m.s.f.DefaultMavenResourcesFiltering - Copying 0 resource
2023-04-12 11:56:07,024 [Worker-12: Building] INFO  o.a.m.s.f.DefaultMavenResourcesFiltering - skip non existing resourceDirectory D:\SecuritySpring\SpringSecurity\SpringSecurity\src\test\resources
2023-04-12 11:57:44,979 [Worker-14: Building] INFO  o.a.m.s.f.DefaultMavenResourcesFiltering - Copying 1 resource
2023-04-12 11:57:44,987 [Worker-14: Building] INFO  o.a.m.s.f.DefaultMavenResourcesFiltering - Copying 0 resource
2023-04-12 11:57:44,991 [Worker-14: Building] INFO  o.a.m.s.f.DefaultMavenResourcesFiltering - skip non existing resourceDirectory D:\SecuritySpring\SpringSecurity\SpringSecurity\src\test\resources
2023-04-12 11:57:54,286 [Worker-16: Building] INFO  o.a.m.s.f.DefaultMavenResourcesFiltering - Copying 1 resource
2023-04-12 11:57:54,310 [Worker-16: Building] INFO  o.a.m.s.f.DefaultMavenResourcesFiltering - Copying 0 resource
2023-04-12 11:57:54,314 [Worker-16: Building] INFO  o.a.m.s.f.DefaultMavenResourcesFiltering - skip non existing resourceDirectory D:\SecuritySpring\SpringSecurity\SpringSecurity\src\test\resources
2023-04-12 11:58:51,675 [Worker-16: Building] INFO  o.a.m.s.f.DefaultMavenResourcesFiltering - Copying 1 resource
2023-04-12 11:58:51,683 [Worker-16: Building] INFO  o.a.m.s.f.DefaultMavenResourcesFiltering - Copying 0 resource
2023-04-12 11:58:51,686 [Worker-16: Building] INFO  o.a.m.s.f.DefaultMavenResourcesFiltering - skip non existing resourceDirectory D:\SecuritySpring\SpringSecurity\SpringSecurity\src\test\resources
2023-04-12 11:59:00,255 [Worker-12: Building] INFO  o.a.m.s.f.DefaultMavenResourcesFiltering - Copying 1 resource
2023-04-12 11:59:00,279 [Worker-12: Building] INFO  o.a.m.s.f.DefaultMavenResourcesFiltering - Copying 0 resource
2023-04-12 11:59:00,294 [Worker-12: Building] INFO  o.a.m.s.f.DefaultMavenResourcesFiltering - skip non existing resourceDirectory D:\SecuritySpring\SpringSecurity\SpringSecurity\src\test\resources
2023-04-12 11:59:42,138 [Worker-16: Building] INFO  o.a.m.s.f.DefaultMavenResourcesFiltering - Copying 1 resource
2023-04-12 11:59:42,148 [Worker-16: Building] INFO  o.a.m.s.f.DefaultMavenResourcesFiltering - Copying 0 resource
2023-04-12 11:59:42,154 [Worker-16: Building] INFO  o.a.m.s.f.DefaultMavenResourcesFiltering - skip non existing resourceDirectory D:\SecuritySpring\SpringSecurity\SpringSecurity\src\test\resources
2023-04-12 11:59:54,706 [Worker-12: Building] INFO  o.a.m.s.f.DefaultMavenResourcesFiltering - Copying 1 resource
2023-04-12 11:59:54,714 [Worker-12: Building] INFO  o.a.m.s.f.DefaultMavenResourcesFiltering - Copying 0 resource
2023-04-12 11:59:54,718 [Worker-12: Building] INFO  o.a.m.s.f.DefaultMavenResourcesFiltering - skip non existing resourceDirectory D:\SecuritySpring\SpringSecurity\SpringSecurity\src\test\resources
2023-04-12 12:00:32,251 [Worker-16: Building] INFO  o.a.m.s.f.DefaultMavenResourcesFiltering - Copying 1 resource
2023-04-12 12:00:32,308 [Worker-16: Building] INFO  o.a.m.s.f.DefaultMavenResourcesFiltering - Copying 0 resource
2023-04-12 12:00:32,317 [Worker-16: Building] INFO  o.a.m.s.f.DefaultMavenResourcesFiltering - skip non existing resourceDirectory D:\SecuritySpring\SpringSecurity\SpringSecurity\src\test\resources
2023-04-12 12:02:02,932 [Worker-14: Building] INFO  o.a.m.s.f.DefaultMavenResourcesFiltering - Copying 1 resource
2023-04-12 12:02:03,013 [Worker-14: Building] INFO  o.a.m.s.f.DefaultMavenResourcesFiltering - Copying 0 resource
2023-04-12 12:02:03,018 [Worker-14: Building] INFO  o.a.m.s.f.DefaultMavenResourcesFiltering - skip non existing resourceDirectory D:\SecuritySpring\SpringSecurity\SpringSecurity\src\test\resources
2023-04-12 12:03:40,740 [Worker-12: Building] INFO  o.a.m.s.f.DefaultMavenResourcesFiltering - Copying 1 resource
2023-04-12 12:03:40,754 [Worker-12: Building] INFO  o.a.m.s.f.DefaultMavenResourcesFiltering - Copying 0 resource
2023-04-12 12:03:40,757 [Worker-12: Building] INFO  o.a.m.s.f.DefaultMavenResourcesFiltering - skip non existing resourceDirectory D:\SecuritySpring\SpringSecurity\SpringSecurity\src\test\resources
2023-04-12 12:08:30,291 [Worker-20: Building] INFO  o.a.m.s.f.DefaultMavenResourcesFiltering - Copying 1 resource
2023-04-12 12:08:30,296 [Worker-20: Building] INFO  o.a.m.s.f.DefaultMavenResourcesFiltering - Copying 0 resource
2023-04-12 12:08:30,300 [Worker-20: Building] INFO  o.a.m.s.f.DefaultMavenResourcesFiltering - skip non existing resourceDirectory D:\SecuritySpring\SpringSecurity\SpringSecurity\src\test\resources
2023-04-12 12:09:12,368 [Worker-20: Building] INFO  o.a.m.s.f.DefaultMavenResourcesFiltering - Copying 1 resource
2023-04-12 12:09:12,376 [Worker-20: Building] INFO  o.a.m.s.f.DefaultMavenResourcesFiltering - Copying 0 resource
2023-04-12 12:09:12,381 [Worker-20: Building] INFO  o.a.m.s.f.DefaultMavenResourcesFiltering - skip non existing resourceDirectory D:\SecuritySpring\SpringSecurity\SpringSecurity\src\test\resources
2023-04-12 12:09:35,661 [Worker-12: Building] INFO  o.a.m.s.f.DefaultMavenResourcesFiltering - Copying 1 resource
2023-04-12 12:09:35,667 [Worker-12: Building] INFO  o.a.m.s.f.DefaultMavenResourcesFiltering - Copying 0 resource
2023-04-12 12:09:35,669 [Worker-12: Building] INFO  o.a.m.s.f.DefaultMavenResourcesFiltering - skip non existing resourceDirectory D:\SecuritySpring\SpringSecurity\SpringSecurity\src\test\resources
2023-04-12 12:09:44,995 [Worker-19: Building] INFO  o.a.m.s.f.DefaultMavenResourcesFiltering - Copying 1 resource
2023-04-12 12:09:45,011 [Worker-19: Building] INFO  o.a.m.s.f.DefaultMavenResourcesFiltering - Copying 0 resource
2023-04-12 12:09:45,016 [Worker-19: Building] INFO  o.a.m.s.f.DefaultMavenResourcesFiltering - skip non existing resourceDirectory D:\SecuritySpring\SpringSecurity\SpringSecurity\src\test\resources
2023-04-12 12:14:58,063 [Worker-14: Building] INFO  o.a.m.s.f.DefaultMavenResourcesFiltering - Copying 1 resource
2023-04-12 12:14:58,072 [Worker-14: Building] INFO  o.a.m.s.f.DefaultMavenResourcesFiltering - Copying 0 resource
2023-04-12 12:14:58,076 [Worker-14: Building] INFO  o.a.m.s.f.DefaultMavenResourcesFiltering - skip non existing resourceDirectory D:\SecuritySpring\SpringSecurity\SpringSecurity\src\test\resources
2023-04-12 12:16:29,709 [Worker-14: Launching SpringSecurity - SpringSecurityApplication] INFO  o.a.m.s.f.DefaultMavenResourcesFiltering - Copying 1 resource
2023-04-12 12:16:29,741 [Worker-14: Launching SpringSecurity - SpringSecurityApplication] INFO  o.a.m.s.f.DefaultMavenResourcesFiltering - Copying 0 resource
2023-04-12 12:16:29,749 [Worker-14: Launching SpringSecurity - SpringSecurityApplication] INFO  o.a.m.s.f.DefaultMavenResourcesFiltering - skip non existing resourceDirectory D:\SecuritySpring\SpringSecurity\SpringSecurity\src\test\resources
2023-04-12 12:17:41,346 [Worker-12: Launching SpringSecurity - SpringSecurityApplication] INFO  o.a.m.s.f.DefaultMavenResourcesFiltering - Copying 1 resource
2023-04-12 12:17:41,355 [Worker-12: Launching SpringSecurity - SpringSecurityApplication] INFO  o.a.m.s.f.DefaultMavenResourcesFiltering - Copying 0 resource
2023-04-12 12:17:41,360 [Worker-12: Launching SpringSecurity - SpringSecurityApplication] INFO  o.a.m.s.f.DefaultMavenResourcesFiltering - skip non existing resourceDirectory D:\SecuritySpring\SpringSecurity\SpringSecurity\src\test\resources
2023-04-12 12:19:49,621 [Worker-19: Building] INFO  o.a.m.s.f.DefaultMavenResourcesFiltering - Copying 1 resource
2023-04-12 12:19:49,661 [Worker-19: Building] INFO  o.a.m.s.f.DefaultMavenResourcesFiltering - Copying 0 resource
2023-04-12 12:19:49,665 [Worker-19: Building] INFO  o.a.m.s.f.DefaultMavenResourcesFiltering - skip non existing resourceDirectory D:\SecuritySpring\SpringSecurity\SpringSecurity\src\test\resources
2023-04-12 12:20:33,041 [Worker-22: Building] INFO  o.e.m.c.i.l.LifecycleMappingFactory - Using org.eclipse.m2e.jdt.JarLifecycleMapping lifecycle mapping for MavenProject: com.example:SpringSecurity:0.0.1-SNAPSHOT @ D:\SecuritySpring\SpringSecurity\SpringSecurity\pom.xml.
2023-04-12 12:20:34,916 [Worker-22: Building] INFO  o.a.m.s.f.DefaultMavenResourcesFiltering - Copying 0 resource
2023-04-12 12:20:34,916 [Worker-22: Building] INFO  o.a.m.s.f.DefaultMavenResourcesFiltering - Copying 0 resource
2023-04-12 12:20:34,919 [Worker-22: Building] INFO  o.a.m.s.f.DefaultMavenResourcesFiltering - skip non existing resourceDirectory D:\SecuritySpring\SpringSecurity\SpringSecurity\src\test\resources
2023-04-12 12:20:37,268 [Worker-21: Building] INFO  o.a.m.s.f.DefaultMavenResourcesFiltering - Copying 1 resource
2023-04-12 12:20:37,306 [Worker-21: Building] INFO  o.a.m.s.f.DefaultMavenResourcesFiltering - Copying 0 resource
2023-04-12 12:20:37,312 [Worker-21: Building] INFO  o.a.m.s.f.DefaultMavenResourcesFiltering - skip non existing resourceDirectory D:\SecuritySpring\SpringSecurity\SpringSecurity\src\test\resources
2023-04-12 12:21:59,151 [Worker-19: Building] INFO  o.a.m.s.f.DefaultMavenResourcesFiltering - Copying 1 resource
2023-04-12 12:21:59,159 [Worker-19: Building] INFO  o.a.m.s.f.DefaultMavenResourcesFiltering - Copying 0 resource
2023-04-12 12:21:59,163 [Worker-19: Building] INFO  o.a.m.s.f.DefaultMavenResourcesFiltering - skip non existing resourceDirectory D:\SecuritySpring\SpringSecurity\SpringSecurity\src\test\resources
2023-04-12 12:24:06,562 [Worker-19: Building] INFO  o.a.m.s.f.DefaultMavenResourcesFiltering - Copying 1 resource
2023-04-12 12:24:06,568 [Worker-19: Building] INFO  o.a.m.s.f.DefaultMavenResourcesFiltering - Copying 0 resource
2023-04-12 12:24:06,571 [Worker-19: Building] INFO  o.a.m.s.f.DefaultMavenResourcesFiltering - skip non existing resourceDirectory D:\SecuritySpring\SpringSecurity\SpringSecurity\src\test\resources
2023-04-12 12:24:20,045 [Worker-19: Building] INFO  o.a.m.s.f.DefaultMavenResourcesFiltering - Copying 1 resource
2023-04-12 12:24:20,053 [Worker-19: Building] INFO  o.a.m.s.f.DefaultMavenResourcesFiltering - Copying 0 resource
2023-04-12 12:24:20,060 [Worker-19: Building] INFO  o.a.m.s.f.DefaultMavenResourcesFiltering - skip non existing resourceDirectory D:\SecuritySpring\SpringSecurity\SpringSecurity\src\test\resources
2023-04-12 12:41:39,069 [Worker-24: Building] INFO  o.a.m.s.f.DefaultMavenResourcesFiltering - Copying 1 resource
2023-04-12 12:41:39,080 [Worker-24: Building] INFO  o.a.m.s.f.DefaultMavenResourcesFiltering - Copying 0 resource
2023-04-12 12:41:39,084 [Worker-24: Building] INFO  o.a.m.s.f.DefaultMavenResourcesFiltering - skip non existing resourceDirectory D:\SecuritySpring\SpringSecurity\SpringSecurity\src\test\resources
2023-04-12 12:43:15,713 [Worker-25: Building] INFO  o.a.m.s.f.DefaultMavenResourcesFiltering - Copying 1 resource
2023-04-12 12:43:15,759 [Worker-25: Building] INFO  o.a.m.s.f.DefaultMavenResourcesFiltering - Copying 0 resource
2023-04-12 12:43:15,762 [Worker-25: Building] INFO  o.a.m.s.f.DefaultMavenResourcesFiltering - skip non existing resourceDirectory D:\SecuritySpring\SpringSecurity\SpringSecurity\src\test\resources
2023-04-12 12:43:40,473 [Worker-28: Building] INFO  o.a.m.s.f.DefaultMavenResourcesFiltering - Copying 1 resource
2023-04-12 12:43:40,512 [Worker-28: Building] INFO  o.a.m.s.f.DefaultMavenResourcesFiltering - Copying 0 resource
2023-04-12 12:43:40,518 [Worker-28: Building] INFO  o.a.m.s.f.DefaultMavenResourcesFiltering - skip non existing resourceDirectory D:\SecuritySpring\SpringSecurity\SpringSecurity\src\test\resources
2023-04-12 12:44:59,356 [Worker-24: Building] INFO  o.a.m.s.f.DefaultMavenResourcesFiltering - Copying 1 resource
2023-04-12 12:44:59,376 [Worker-24: Building] INFO  o.a.m.s.f.DefaultMavenResourcesFiltering - Copying 0 resource
2023-04-12 12:44:59,380 [Worker-24: Building] INFO  o.a.m.s.f.DefaultMavenResourcesFiltering - skip non existing resourceDirectory D:\SecuritySpring\SpringSecurity\SpringSecurity\src\test\resources
2023-04-12 12:46:43,304 [Worker-25: Building] INFO  o.a.m.s.f.DefaultMavenResourcesFiltering - Copying 1 resource
2023-04-12 12:46:43,310 [Worker-25: Building] INFO  o.a.m.s.f.DefaultMavenResourcesFiltering - Copying 0 resource
2023-04-12 12:46:43,314 [Worker-25: Building] INFO  o.a.m.s.f.DefaultMavenResourcesFiltering - skip non existing resourceDirectory D:\SecuritySpring\SpringSecurity\SpringSecurity\src\test\resources
2023-04-12 12:48:18,580 [Worker-24: Building] INFO  o.a.m.s.f.DefaultMavenResourcesFiltering - Copying 1 resource
2023-04-12 12:48:18,605 [Worker-24: Building] INFO  o.a.m.s.f.DefaultMavenResourcesFiltering - Copying 0 resource
2023-04-12 12:48:18,609 [Worker-24: Building] INFO  o.a.m.s.f.DefaultMavenResourcesFiltering - skip non existing resourceDirectory D:\SecuritySpring\SpringSecurity\SpringSecurity\src\test\resources
2023-04-12 12:51:58,155 [Worker-30: Building] INFO  o.a.m.s.f.DefaultMavenResourcesFiltering - Copying 1 resource
2023-04-12 12:51:58,163 [Worker-30: Building] INFO  o.a.m.s.f.DefaultMavenResourcesFiltering - Copying 0 resource
2023-04-12 12:51:58,167 [Worker-30: Building] INFO  o.a.m.s.f.DefaultMavenResourcesFiltering - skip non existing resourceDirectory D:\SecuritySpring\SpringSecurity\SpringSecurity\src\test\resources
2023-04-12 12:54:42,561 [Worker-26: Building] INFO  o.a.m.s.f.DefaultMavenResourcesFiltering - Copying 1 resource
2023-04-12 12:54:42,567 [Worker-26: Building] INFO  o.a.m.s.f.DefaultMavenResourcesFiltering - Copying 0 resource
2023-04-12 12:54:42,570 [Worker-26: Building] INFO  o.a.m.s.f.DefaultMavenResourcesFiltering - skip non existing resourceDirectory D:\SecuritySpring\SpringSecurity\SpringSecurity\src\test\resources
2023-04-12 13:03:22,361 [Worker-33: Building] INFO  o.a.m.s.f.DefaultMavenResourcesFiltering - Copying 1 resource
2023-04-12 13:03:22,373 [Worker-33: Building] INFO  o.a.m.s.f.DefaultMavenResourcesFiltering - Copying 0 resource
2023-04-12 13:03:22,377 [Worker-33: Building] INFO  o.a.m.s.f.DefaultMavenResourcesFiltering - skip non existing resourceDirectory D:\SecuritySpring\SpringSecurity\SpringSecurity\src\test\resources
2023-04-12 13:04:44,187 [Worker-32: Building] INFO  o.a.m.s.f.DefaultMavenResourcesFiltering - Copying 1 resource
2023-04-12 13:04:44,197 [Worker-32: Building] INFO  o.a.m.s.f.DefaultMavenResourcesFiltering - Copying 0 resource
2023-04-12 13:04:44,200 [Worker-32: Building] INFO  o.a.m.s.f.DefaultMavenResourcesFiltering - skip non existing resourceDirectory D:\SecuritySpring\SpringSecurity\SpringSecurity\src\test\resources
2023-04-12 13:07:30,564 [Worker-32: Building] INFO  o.a.m.s.f.DefaultMavenResourcesFiltering - Copying 1 resource
2023-04-12 13:07:30,572 [Worker-32: Building] INFO  o.a.m.s.f.DefaultMavenResourcesFiltering - Copying 0 resource
2023-04-12 13:07:30,577 [Worker-32: Building] INFO  o.a.m.s.f.DefaultMavenResourcesFiltering - skip non existing resourceDirectory D:\SecuritySpring\SpringSecurity\SpringSecurity\src\test\resources
2023-04-12 13:12:04,654 [Worker-34: Building] INFO  o.a.m.s.f.DefaultMavenResourcesFiltering - Copying 1 resource
2023-04-12 13:12:04,672 [Worker-34: Building] INFO  o.a.m.s.f.DefaultMavenResourcesFiltering - Copying 0 resource
2023-04-12 13:12:04,675 [Worker-34: Building] INFO  o.a.m.s.f.DefaultMavenResourcesFiltering - skip non existing resourceDirectory D:\SecuritySpring\SpringSecurity\SpringSecurity\src\test\resources
2023-04-12 14:02:48,294 [Worker-39: Building] INFO  o.a.m.s.f.DefaultMavenResourcesFiltering - Copying 1 resource
2023-04-12 14:02:48,405 [Worker-39: Building] INFO  o.a.m.s.f.DefaultMavenResourcesFiltering - Copying 0 resource
2023-04-12 14:02:48,410 [Worker-39: Building] INFO  o.a.m.s.f.DefaultMavenResourcesFiltering - skip non existing resourceDirectory D:\SecuritySpring\SpringSecurity\SpringSecurity\src\test\resources
2023-04-12 14:05:53,465 [Worker-41: Building] INFO  o.a.m.s.f.DefaultMavenResourcesFiltering - Copying 1 resource
2023-04-12 14:05:53,478 [Worker-41: Building] INFO  o.a.m.s.f.DefaultMavenResourcesFiltering - Copying 0 resource
2023-04-12 14:05:53,482 [Worker-41: Building] INFO  o.a.m.s.f.DefaultMavenResourcesFiltering - skip non existing resourceDirectory D:\SecuritySpring\SpringSecurity\SpringSecurity\src\test\resources
2023-04-12 14:18:00,888 [Worker-39: Launching SpringSecurity - SpringSecurityApplication] INFO  o.a.m.s.f.DefaultMavenResourcesFiltering - Copying 1 resource
2023-04-12 14:18:00,900 [Worker-39: Launching SpringSecurity - SpringSecurityApplication] INFO  o.a.m.s.f.DefaultMavenResourcesFiltering - Copying 0 resource
2023-04-12 14:18:00,903 [Worker-39: Launching SpringSecurity - SpringSecurityApplication] INFO  o.a.m.s.f.DefaultMavenResourcesFiltering - skip non existing resourceDirectory D:\SecuritySpring\SpringSecurity\SpringSecurity\src\test\resources
2023-04-12 14:19:11,583 [Worker-39: Building] INFO  o.a.m.s.f.DefaultMavenResourcesFiltering - Copying 1 resource
2023-04-12 14:19:11,623 [Worker-39: Building] INFO  o.a.m.s.f.DefaultMavenResourcesFiltering - Copying 0 resource
2023-04-12 14:19:11,625 [Worker-39: Building] INFO  o.a.m.s.f.DefaultMavenResourcesFiltering - skip non existing resourceDirectory D:\SecuritySpring\SpringSecurity\SpringSecurity\src\test\resources
2023-04-12 14:19:19,665 [Worker-44: Building] INFO  o.a.m.s.f.DefaultMavenResourcesFiltering - Copying 1 resource
2023-04-12 14:19:19,696 [Worker-44: Building] INFO  o.a.m.s.f.DefaultMavenResourcesFiltering - Copying 0 resource
2023-04-12 14:19:19,699 [Worker-44: Building] INFO  o.a.m.s.f.DefaultMavenResourcesFiltering - skip non existing resourceDirectory D:\SecuritySpring\SpringSecurity\SpringSecurity\src\test\resources
2023-04-12 14:21:22,668 [Worker-30: Building] INFO  o.a.m.s.f.DefaultMavenResourcesFiltering - Copying 1 resource
2023-04-12 14:21:22,679 [Worker-30: Building] INFO  o.a.m.s.f.DefaultMavenResourcesFiltering - Copying 0 resource
2023-04-12 14:21:22,683 [Worker-30: Building] INFO  o.a.m.s.f.DefaultMavenResourcesFiltering - skip non existing resourceDirectory D:\SecuritySpring\SpringSecurity\SpringSecurity\src\test\resources
2023-04-12 14:29:41,354 [Worker-48: Building] INFO  o.a.m.s.f.DefaultMavenResourcesFiltering - Copying 1 resource
2023-04-12 14:29:41,371 [Worker-48: Building] INFO  o.a.m.s.f.DefaultMavenResourcesFiltering - Copying 0 resource
2023-04-12 14:29:41,374 [Worker-48: Building] INFO  o.a.m.s.f.DefaultMavenResourcesFiltering - skip non existing resourceDirectory D:\SecuritySpring\SpringSecurity\SpringSecurity\src\test\resources
2023-04-12 14:32:09,267 [Worker-50: Launching SpringSecurity - SpringSecurityApplication] INFO  o.a.m.s.f.DefaultMavenResourcesFiltering - Copying 1 resource
2023-04-12 14:32:09,278 [Worker-50: Launching SpringSecurity - SpringSecurityApplication] INFO  o.a.m.s.f.DefaultMavenResourcesFiltering - Copying 0 resource
2023-04-12 14:32:09,281 [Worker-50: Launching SpringSecurity - SpringSecurityApplication] INFO  o.a.m.s.f.DefaultMavenResourcesFiltering - skip non existing resourceDirectory D:\SecuritySpring\SpringSecurity\SpringSecurity\src\test\resources
2023-04-12 14:39:20,987 [Worker-53: Building] INFO  o.a.m.s.f.DefaultMavenResourcesFiltering - Copying 1 resource
2023-04-12 14:39:20,996 [Worker-53: Building] INFO  o.a.m.s.f.DefaultMavenResourcesFiltering - Copying 0 resource
2023-04-12 14:39:20,999 [Worker-53: Building] INFO  o.a.m.s.f.DefaultMavenResourcesFiltering - skip non existing resourceDirectory D:\SecuritySpring\SpringSecurity\SpringSecurity\src\test\resources
2023-04-12 14:41:33,789 [Worker-53: Building] INFO  o.a.m.s.f.DefaultMavenResourcesFiltering - Copying 1 resource
2023-04-12 14:41:33,799 [Worker-53: Building] INFO  o.a.m.s.f.DefaultMavenResourcesFiltering - Copying 0 resource
2023-04-12 14:41:33,802 [Worker-53: Building] INFO  o.a.m.s.f.DefaultMavenResourcesFiltering - skip non existing resourceDirectory D:\SecuritySpring\SpringSecurity\SpringSecurity\src\test\resources
2023-04-12 19:14:11,187 [Worker-60: Building] INFO  o.a.m.s.f.DefaultMavenResourcesFiltering - Copying 1 resource
2023-04-12 19:14:11,269 [Worker-60: Building] INFO  o.a.m.s.f.DefaultMavenResourcesFiltering - Copying 0 resource
2023-04-12 19:14:11,273 [Worker-60: Building] INFO  o.a.m.s.f.DefaultMavenResourcesFiltering - skip non existing resourceDirectory D:\SecuritySpring\SpringSecurity\SpringSecurity\src\test\resources
2023-04-12 19:15:57,058 [Worker-60: Building] INFO  o.a.m.s.f.DefaultMavenResourcesFiltering - Copying 1 resource
2023-04-12 19:15:57,106 [Worker-60: Building] INFO  o.a.m.s.f.DefaultMavenResourcesFiltering - Copying 0 resource
2023-04-12 19:15:57,116 [Worker-60: Building] INFO  o.a.m.s.f.DefaultMavenResourcesFiltering - skip non existing resourceDirectory D:\SecuritySpring\SpringSecurity\SpringSecurity\src\test\resources
2023-04-12 19:17:48,263 [Worker-61: Building] INFO  o.a.m.s.f.DefaultMavenResourcesFiltering - Copying 1 resource
2023-04-12 19:17:48,283 [Worker-61: Building] INFO  o.a.m.s.f.DefaultMavenResourcesFiltering - Copying 0 resource
2023-04-12 19:17:48,287 [Worker-61: Building] INFO  o.a.m.s.f.DefaultMavenResourcesFiltering - skip non existing resourceDirectory D:\SecuritySpring\SpringSecurity\SpringSecurity\src\test\resources
2023-04-12 19:18:02,677 [Worker-60: Building] INFO  o.a.m.s.f.DefaultMavenResourcesFiltering - Copying 1 resource
2023-04-12 19:18:02,688 [Worker-60: Building] INFO  o.a.m.s.f.DefaultMavenResourcesFiltering - Copying 0 resource
2023-04-12 19:18:02,692 [Worker-60: Building] INFO  o.a.m.s.f.DefaultMavenResourcesFiltering - skip non existing resourceDirectory D:\SecuritySpring\SpringSecurity\SpringSecurity\src\test\resources
2023-04-12 19:19:21,888 [Worker-59: Building] INFO  o.a.m.s.f.DefaultMavenResourcesFiltering - Copying 1 resource
2023-04-12 19:19:21,896 [Worker-59: Building] INFO  o.a.m.s.f.DefaultMavenResourcesFiltering - Copying 0 resource
2023-04-12 19:19:21,901 [Worker-59: Building] INFO  o.a.m.s.f.DefaultMavenResourcesFiltering - skip non existing resourceDirectory D:\SecuritySpring\SpringSecurity\SpringSecurity\src\test\resources
2023-04-12 19:19:34,326 [Worker-66: Building] INFO  o.a.m.s.f.DefaultMavenResourcesFiltering - Copying 1 resource
2023-04-12 19:19:34,342 [Worker-66: Building] INFO  o.a.m.s.f.DefaultMavenResourcesFiltering - Copying 0 resource
2023-04-12 19:19:34,348 [Worker-66: Building] INFO  o.a.m.s.f.DefaultMavenResourcesFiltering - skip non existing resourceDirectory D:\SecuritySpring\SpringSecurity\SpringSecurity\src\test\resources
2023-04-12 19:22:22,806 [Worker-65: Building] INFO  o.a.m.s.f.DefaultMavenResourcesFiltering - Copying 1 resource
2023-04-12 19:22:22,812 [Worker-65: Building] INFO  o.a.m.s.f.DefaultMavenResourcesFiltering - Copying 0 resource
2023-04-12 19:22:22,815 [Worker-65: Building] INFO  o.a.m.s.f.DefaultMavenResourcesFiltering - skip non existing resourceDirectory D:\SecuritySpring\SpringSecurity\SpringSecurity\src\test\resources
2023-04-12 19:28:45,424 [Worker-69: Building] INFO  o.e.m.c.i.l.LifecycleMappingFactory - Using org.eclipse.m2e.jdt.JarLifecycleMapping lifecycle mapping for MavenProject: com.example:SpringSecurity:0.0.1-SNAPSHOT @ D:\SecuritySpring\SpringSecurity\SpringSecurity\pom.xml.
2023-04-12 19:28:47,998 [Worker-69: Building] INFO  o.a.m.s.f.DefaultMavenResourcesFiltering - Copying 1 resource
2023-04-12 19:28:48,015 [Worker-69: Building] INFO  o.a.m.s.f.DefaultMavenResourcesFiltering - Copying 0 resource
2023-04-12 19:28:48,018 [Worker-69: Building] INFO  o.a.m.s.f.DefaultMavenResourcesFiltering - skip non existing resourceDirectory D:\SecuritySpring\SpringSecurity\SpringSecurity\src\test\resources
2023-04-12 19:28:49,983 [Worker-67: Building] INFO  o.a.m.s.f.DefaultMavenResourcesFiltering - Copying 1 resource
2023-04-12 19:28:50,009 [Worker-67: Building] INFO  o.a.m.s.f.DefaultMavenResourcesFiltering - Copying 0 resource
2023-04-12 19:28:50,014 [Worker-67: Building] INFO  o.a.m.s.f.DefaultMavenResourcesFiltering - skip non existing resourceDirectory D:\SecuritySpring\SpringSecurity\SpringSecurity\src\test\resources
2023-04-12 19:29:02,192 [Worker-66: Building] INFO  o.e.m.c.i.l.LifecycleMappingFactory - Using org.eclipse.m2e.jdt.JarLifecycleMapping lifecycle mapping for MavenProject: com.example:SpringSecurity:0.0.1-SNAPSHOT @ D:\SecuritySpring\SpringSecurity\SpringSecurity\pom.xml.
2023-04-12 19:29:03,239 [Worker-66: Building] INFO  o.a.m.s.f.DefaultMavenResourcesFiltering - Copying 0 resource
2023-04-12 19:29:03,239 [Worker-66: Building] INFO  o.a.m.s.f.DefaultMavenResourcesFiltering - Copying 0 resource
2023-04-12 19:29:03,243 [Worker-66: Building] INFO  o.a.m.s.f.DefaultMavenResourcesFiltering - skip non existing resourceDirectory D:\SecuritySpring\SpringSecurity\SpringSecurity\src\test\resources
2023-04-12 19:39:18,749 [Worker-70: Building] INFO  o.a.m.s.f.DefaultMavenResourcesFiltering - Copying 1 resource
2023-04-12 19:39:18,768 [Worker-70: Building] INFO  o.a.m.s.f.DefaultMavenResourcesFiltering - Copying 0 resource
2023-04-12 19:39:18,771 [Worker-70: Building] INFO  o.a.m.s.f.DefaultMavenResourcesFiltering - skip non existing resourceDirectory D:\SecuritySpring\SpringSecurity\SpringSecurity\src\test\resources
2023-04-12 19:48:27,126 [Worker-73: Building] INFO  o.a.m.s.f.DefaultMavenResourcesFiltering - Copying 1 resource
2023-04-12 19:48:27,135 [Worker-73: Building] INFO  o.a.m.s.f.DefaultMavenResourcesFiltering - Copying 0 resource
2023-04-12 19:48:27,138 [Worker-73: Building] INFO  o.a.m.s.f.DefaultMavenResourcesFiltering - skip non existing resourceDirectory D:\SecuritySpring\SpringSecurity\SpringSecurity\src\test\resources
2023-04-12 19:50:16,944 [Worker-66: Launching SpringSecurity - SpringSecurityApplication] INFO  o.a.m.s.f.DefaultMavenResourcesFiltering - Copying 1 resource
2023-04-12 19:50:16,964 [Worker-66: Launching SpringSecurity - SpringSecurityApplication] INFO  o.a.m.s.f.DefaultMavenResourcesFiltering - Copying 0 resource
2023-04-12 19:50:16,967 [Worker-66: Launching SpringSecurity - SpringSecurityApplication] INFO  o.a.m.s.f.DefaultMavenResourcesFiltering - skip non existing resourceDirectory D:\SecuritySpring\SpringSecurity\SpringSecurity\src\test\resources
2023-04-12 19:53:46,985 [Worker-71: Launching SpringSecurity - SpringSecurityApplication] INFO  o.a.m.s.f.DefaultMavenResourcesFiltering - Copying 1 resource
2023-04-12 19:53:46,993 [Worker-71: Launching SpringSecurity - SpringSecurityApplication] INFO  o.a.m.s.f.DefaultMavenResourcesFiltering - Copying 0 resource
2023-04-12 19:53:46,997 [Worker-71: Launching SpringSecurity - SpringSecurityApplication] INFO  o.a.m.s.f.DefaultMavenResourcesFiltering - skip non existing resourceDirectory D:\SecuritySpring\SpringSecurity\SpringSecurity\src\test\resources
2023-04-12 20:13:35,447 [Worker-82: Launching SpringSecurity - SpringSecurityApplication] INFO  o.a.m.s.f.DefaultMavenResourcesFiltering - Copying 1 resource
2023-04-12 20:13:35,462 [Worker-82: Launching SpringSecurity - SpringSecurityApplication] INFO  o.a.m.s.f.DefaultMavenResourcesFiltering - Copying 0 resource
2023-04-12 20:13:35,466 [Worker-82: Launching SpringSecurity - SpringSecurityApplication] INFO  o.a.m.s.f.DefaultMavenResourcesFiltering - skip non existing resourceDirectory D:\SecuritySpring\SpringSecurity\SpringSecurity\src\test\resources
2023-04-12 20:14:23,076 [Worker-83: Launching SpringSecurity - SpringSecurityApplication] INFO  o.a.m.s.f.DefaultMavenResourcesFiltering - Copying 1 resource
2023-04-12 20:14:23,121 [Worker-83: Launching SpringSecurity - SpringSecurityApplication] INFO  o.a.m.s.f.DefaultMavenResourcesFiltering - Copying 0 resource
2023-04-12 20:14:23,124 [Worker-83: Launching SpringSecurity - SpringSecurityApplication] INFO  o.a.m.s.f.DefaultMavenResourcesFiltering - skip non existing resourceDirectory D:\SecuritySpring\SpringSecurity\SpringSecurity\src\test\resources
2023-04-12 20:16:01,353 [Worker-77: Building] INFO  o.a.m.s.f.DefaultMavenResourcesFiltering - Copying 1 resource
2023-04-12 20:16:01,370 [Worker-77: Building] INFO  o.a.m.s.f.DefaultMavenResourcesFiltering - Copying 0 resource
2023-04-12 20:16:01,382 [Worker-77: Building] INFO  o.a.m.s.f.DefaultMavenResourcesFiltering - skip non existing resourceDirectory D:\SecuritySpring\SpringSecurity\SpringSecurity\src\test\resources
2023-04-12 20:16:25,133 [Worker-85: Building] INFO  o.a.m.s.f.DefaultMavenResourcesFiltering - Copying 1 resource
2023-04-12 20:16:25,140 [Worker-85: Building] INFO  o.a.m.s.f.DefaultMavenResourcesFiltering - Copying 0 resource
2023-04-12 20:16:25,143 [Worker-85: Building] INFO  o.a.m.s.f.DefaultMavenResourcesFiltering - skip non existing resourceDirectory D:\SecuritySpring\SpringSecurity\SpringSecurity\src\test\resources
2023-04-12 20:18:52,255 [Worker-80: Launching SpringSecurity - SpringSecurityApplication] INFO  o.a.m.s.f.DefaultMavenResourcesFiltering - Copying 1 resource
2023-04-12 20:18:52,331 [Worker-80: Launching SpringSecurity - SpringSecurityApplication] INFO  o.a.m.s.f.DefaultMavenResourcesFiltering - Copying 0 resource
2023-04-12 20:18:52,335 [Worker-80: Launching SpringSecurity - SpringSecurityApplication] INFO  o.a.m.s.f.DefaultMavenResourcesFiltering - skip non existing resourceDirectory D:\SecuritySpring\SpringSecurity\SpringSecurity\src\test\resources
2023-04-12 20:22:10,115 [Worker-80: Launching SpringSecurity - SpringSecurityApplication] INFO  o.a.m.s.f.DefaultMavenResourcesFiltering - Copying 1 resource
2023-04-12 20:22:10,141 [Worker-80: Launching SpringSecurity - SpringSecurityApplication] INFO  o.a.m.s.f.DefaultMavenResourcesFiltering - Copying 0 resource
2023-04-12 20:22:10,143 [Worker-80: Launching SpringSecurity - SpringSecurityApplication] INFO  o.a.m.s.f.DefaultMavenResourcesFiltering - skip non existing resourceDirectory D:\SecuritySpring\SpringSecurity\SpringSecurity\src\test\resources
2023-04-12 23:50:49,656 [Worker-96: Launching SpringSecurity - SpringSecurityApplication] INFO  o.a.m.s.f.DefaultMavenResourcesFiltering - Copying 1 resource
2023-04-12 23:50:49,752 [Worker-96: Launching SpringSecurity - SpringSecurityApplication] INFO  o.a.m.s.f.DefaultMavenResourcesFiltering - Copying 0 resource
2023-04-12 23:50:49,755 [Worker-96: Launching SpringSecurity - SpringSecurityApplication] INFO  o.a.m.s.f.DefaultMavenResourcesFiltering - skip non existing resourceDirectory D:\SecuritySpring\SpringSecurity\SpringSecurity\src\test\resources
2023-04-12 23:59:37,434 [Worker-98: Launching SpringSecurity - SpringSecurityApplication] INFO  o.a.m.s.f.DefaultMavenResourcesFiltering - Copying 1 resource
2023-04-12 23:59:37,504 [Worker-98: Launching SpringSecurity - SpringSecurityApplication] INFO  o.a.m.s.f.DefaultMavenResourcesFiltering - Copying 0 resource
2023-04-12 23:59:37,508 [Worker-98: Launching SpringSecurity - SpringSecurityApplication] INFO  o.a.m.s.f.DefaultMavenResourcesFiltering - skip non existing resourceDirectory D:\SecuritySpring\SpringSecurity\SpringSecurity\src\test\resources
2023-04-13 00:00:29,572 [Worker-104: Launching SpringSecurity - SpringSecurityApplication] INFO  o.a.m.s.f.DefaultMavenResourcesFiltering - Copying 1 resource
2023-04-13 00:00:29,633 [Worker-104: Launching SpringSecurity - SpringSecurityApplication] INFO  o.a.m.s.f.DefaultMavenResourcesFiltering - Copying 0 resource
2023-04-13 00:00:29,636 [Worker-104: Launching SpringSecurity - SpringSecurityApplication] INFO  o.a.m.s.f.DefaultMavenResourcesFiltering - skip non existing resourceDirectory D:\SecuritySpring\SpringSecurity\SpringSecurity\src\test\resources
2023-04-13 00:02:08,427 [Worker-104: Launching SpringSecurity - SpringSecurityApplication] INFO  o.a.m.s.f.DefaultMavenResourcesFiltering - Copying 1 resource
2023-04-13 00:02:08,452 [Worker-104: Launching SpringSecurity - SpringSecurityApplication] INFO  o.a.m.s.f.DefaultMavenResourcesFiltering - Copying 0 resource
2023-04-13 00:02:08,455 [Worker-104: Launching SpringSecurity - SpringSecurityApplication] INFO  o.a.m.s.f.DefaultMavenResourcesFiltering - skip non existing resourceDirectory D:\SecuritySpring\SpringSecurity\SpringSecurity\src\test\resources
2023-04-13 00:03:19,879 [Worker-104: Launching SpringSecurity - SpringSecurityApplication] INFO  o.a.m.s.f.DefaultMavenResourcesFiltering - Copying 1 resource
2023-04-13 00:03:19,906 [Worker-104: Launching SpringSecurity - SpringSecurityApplication] INFO  o.a.m.s.f.DefaultMavenResourcesFiltering - Copying 0 resource
2023-04-13 00:03:19,909 [Worker-104: Launching SpringSecurity - SpringSecurityApplication] INFO  o.a.m.s.f.DefaultMavenResourcesFiltering - skip non existing resourceDirectory D:\SecuritySpring\SpringSecurity\SpringSecurity\src\test\resources
2023-04-13 00:04:21,461 [Worker-102: Launching SpringSecurity - SpringSecurityApplication] INFO  o.a.m.s.f.DefaultMavenResourcesFiltering - Copying 1 resource
2023-04-13 00:04:21,473 [Worker-102: Launching SpringSecurity - SpringSecurityApplication] INFO  o.a.m.s.f.DefaultMavenResourcesFiltering - Copying 0 resource
2023-04-13 00:04:21,476 [Worker-102: Launching SpringSecurity - SpringSecurityApplication] INFO  o.a.m.s.f.DefaultMavenResourcesFiltering - skip non existing resourceDirectory D:\SecuritySpring\SpringSecurity\SpringSecurity\src\test\resources
2023-04-13 00:11:43,231 [Worker-110: Building] INFO  o.a.m.s.f.DefaultMavenResourcesFiltering - Copying 1 resource
2023-04-13 00:11:43,242 [Worker-110: Building] INFO  o.a.m.s.f.DefaultMavenResourcesFiltering - Copying 0 resource
2023-04-13 00:11:43,245 [Worker-110: Building] INFO  o.a.m.s.f.DefaultMavenResourcesFiltering - skip non existing resourceDirectory D:\SecuritySpring\SpringSecurity\SpringSecurity\src\test\resources
2023-04-13 00:15:13,818 [Worker-112: Building] INFO  o.a.m.s.f.DefaultMavenResourcesFiltering - Copying 1 resource
2023-04-13 00:15:13,825 [Worker-112: Building] INFO  o.a.m.s.f.DefaultMavenResourcesFiltering - Copying 0 resource
2023-04-13 00:15:13,830 [Worker-112: Building] INFO  o.a.m.s.f.DefaultMavenResourcesFiltering - skip non existing resourceDirectory D:\SecuritySpring\SpringSecurity\SpringSecurity\src\test\resources
2023-04-13 13:08:14,269 [Worker-0: Loading available Gradle versions] INFO  o.e.b.c.i.u.g.PublishedGradleVersions - Gradle version information cache is out-of-date. Trying to update.
2023-04-13 13:08:30,743 [Worker-0: Loading available Gradle versions] INFO  o.e.b.c.i.u.g.PublishedGradleVersions - Updating Gradle version information cache failed. Using outdated cache.
2023-04-13 14:04:42,210 [Worker-14: Launching SpringSecurity - SpringSecurityApplication] INFO  o.a.m.s.f.DefaultMavenResourcesFiltering - Copying 1 resource
2023-04-13 14:04:42,226 [Worker-14: Launching SpringSecurity - SpringSecurityApplication] INFO  o.a.m.s.f.DefaultMavenResourcesFiltering - Copying 0 resource
2023-04-13 14:04:42,231 [Worker-14: Launching SpringSecurity - SpringSecurityApplication] INFO  o.a.m.s.f.DefaultMavenResourcesFiltering - skip non existing resourceDirectory D:\SecuritySpring\SpringSecurity\SpringSecurity\src\test\resources
2023-04-13 14:09:14,853 [Worker-13: Launching SpringSecurity - SpringSecurityApplication] INFO  o.a.m.s.f.DefaultMavenResourcesFiltering - Copying 1 resource
2023-04-13 14:09:14,862 [Worker-13: Launching SpringSecurity - SpringSecurityApplication] INFO  o.a.m.s.f.DefaultMavenResourcesFiltering - Copying 0 resource
2023-04-13 14:09:14,867 [Worker-13: Launching SpringSecurity - SpringSecurityApplication] INFO  o.a.m.s.f.DefaultMavenResourcesFiltering - skip non existing resourceDirectory D:\SecuritySpring\SpringSecurity\SpringSecurity\src\test\resources
2023-04-13 14:13:35,094 [Worker-17: Building] INFO  o.a.m.s.f.DefaultMavenResourcesFiltering - Copying 1 resource
2023-04-13 14:13:35,113 [Worker-17: Building] INFO  o.a.m.s.f.DefaultMavenResourcesFiltering - Copying 0 resource
2023-04-13 14:13:35,119 [Worker-17: Building] INFO  o.a.m.s.f.DefaultMavenResourcesFiltering - skip non existing resourceDirectory D:\SecuritySpring\SpringSecurity\SpringSecurity\src\test\resources
2023-04-13 14:13:55,858 [Worker-11: Building] INFO  o.a.m.s.f.DefaultMavenResourcesFiltering - Copying 1 resource
2023-04-13 14:13:55,865 [Worker-11: Building] INFO  o.a.m.s.f.DefaultMavenResourcesFiltering - Copying 0 resource
2023-04-13 14:13:55,870 [Worker-11: Building] INFO  o.a.m.s.f.DefaultMavenResourcesFiltering - skip non existing resourceDirectory D:\SecuritySpring\SpringSecurity\SpringSecurity\src\test\resources
2023-04-13 14:35:08,775 [Worker-23: Building] INFO  o.a.m.s.f.DefaultMavenResourcesFiltering - Copying 1 resource
2023-04-13 14:35:08,804 [Worker-23: Building] INFO  o.a.m.s.f.DefaultMavenResourcesFiltering - Copying 0 resource
2023-04-13 14:35:08,809 [Worker-23: Building] INFO  o.a.m.s.f.DefaultMavenResourcesFiltering - skip non existing resourceDirectory D:\SecuritySpring\SpringSecurity\SpringSecurity\src\test\resources
2023-04-13 14:37:54,381 [Worker-22: Building] INFO  o.a.m.s.f.DefaultMavenResourcesFiltering - Copying 1 resource
2023-04-13 14:37:54,401 [Worker-22: Building] INFO  o.a.m.s.f.DefaultMavenResourcesFiltering - Copying 0 resource
2023-04-13 14:37:54,405 [Worker-22: Building] INFO  o.a.m.s.f.DefaultMavenResourcesFiltering - skip non existing resourceDirectory D:\SecuritySpring\SpringSecurity\SpringSecurity\src\test\resources
2023-04-13 14:43:47,617 [Worker-27: Building] INFO  o.a.m.s.f.DefaultMavenResourcesFiltering - Copying 1 resource
2023-04-13 14:43:47,625 [Worker-27: Building] INFO  o.a.m.s.f.DefaultMavenResourcesFiltering - Copying 0 resource
2023-04-13 14:43:47,630 [Worker-27: Building] INFO  o.a.m.s.f.DefaultMavenResourcesFiltering - skip non existing resourceDirectory D:\SecuritySpring\SpringSecurity\SpringSecurity\src\test\resources
2023-04-13 14:44:19,562 [Worker-23: Launching SpringSecurity - SpringSecurityApplication] INFO  o.a.m.s.f.DefaultMavenResourcesFiltering - Copying 1 resource
2023-04-13 14:44:19,576 [Worker-23: Launching SpringSecurity - SpringSecurityApplication] INFO  o.a.m.s.f.DefaultMavenResourcesFiltering - Copying 0 resource
2023-04-13 14:44:19,583 [Worker-23: Launching SpringSecurity - SpringSecurityApplication] INFO  o.a.m.s.f.DefaultMavenResourcesFiltering - skip non existing resourceDirectory D:\SecuritySpring\SpringSecurity\SpringSecurity\src\test\resources
2023-04-13 14:46:06,166 [Worker-23: Launching SpringSecurity - SpringSecurityApplication] INFO  o.a.m.s.f.DefaultMavenResourcesFiltering - Copying 1 resource
2023-04-13 14:46:06,182 [Worker-23: Launching SpringSecurity - SpringSecurityApplication] INFO  o.a.m.s.f.DefaultMavenResourcesFiltering - Copying 0 resource
2023-04-13 14:46:06,186 [Worker-23: Launching SpringSecurity - SpringSecurityApplication] INFO  o.a.m.s.f.DefaultMavenResourcesFiltering - skip non existing resourceDirectory D:\SecuritySpring\SpringSecurity\SpringSecurity\src\test\resources
2023-04-13 14:48:00,046 [Worker-28: Launching SpringSecurity - SpringSecurityApplication] INFO  o.a.m.s.f.DefaultMavenResourcesFiltering - Copying 1 resource
2023-04-13 14:48:00,069 [Worker-28: Launching SpringSecurity - SpringSecurityApplication] INFO  o.a.m.s.f.DefaultMavenResourcesFiltering - Copying 0 resource
2023-04-13 14:48:00,072 [Worker-28: Launching SpringSecurity - SpringSecurityApplication] INFO  o.a.m.s.f.DefaultMavenResourcesFiltering - skip non existing resourceDirectory D:\SecuritySpring\SpringSecurity\SpringSecurity\src\test\resources
2023-04-13 14:59:27,841 [Worker-26: Building] INFO  o.e.m.c.i.l.LifecycleMappingFactory - Using org.eclipse.m2e.jdt.JarLifecycleMapping lifecycle mapping for MavenProject: com.example:SpringSecurity:0.0.1-SNAPSHOT @ D:\SecuritySpring\SpringSecurity\SpringSecurity\pom.xml.
2023-04-13 14:59:29,320 [Worker-26: Building] INFO  o.a.m.s.f.DefaultMavenResourcesFiltering - Copying 0 resource
2023-04-13 14:59:29,320 [Worker-26: Building] INFO  o.a.m.s.f.DefaultMavenResourcesFiltering - Copying 0 resource
2023-04-13 14:59:29,325 [Worker-26: Building] INFO  o.a.m.s.f.DefaultMavenResourcesFiltering - skip non existing resourceDirectory D:\SecuritySpring\SpringSecurity\SpringSecurity\src\test\resources
2023-04-13 14:59:31,830 [Worker-31: Building] INFO  o.a.m.s.f.DefaultMavenResourcesFiltering - Copying 1 resource
2023-04-13 14:59:31,861 [Worker-31: Building] INFO  o.a.m.s.f.DefaultMavenResourcesFiltering - Copying 0 resource
2023-04-13 14:59:31,866 [Worker-31: Building] INFO  o.a.m.s.f.DefaultMavenResourcesFiltering - skip non existing resourceDirectory D:\SecuritySpring\SpringSecurity\SpringSecurity\src\test\resources
2023-04-13 15:06:04,936 [Worker-35: Building] INFO  o.a.m.s.f.DefaultMavenResourcesFiltering - Copying 1 resource
2023-04-13 15:06:04,951 [Worker-35: Building] INFO  o.a.m.s.f.DefaultMavenResourcesFiltering - Copying 0 resource
2023-04-13 15:06:04,956 [Worker-35: Building] INFO  o.a.m.s.f.DefaultMavenResourcesFiltering - skip non existing resourceDirectory D:\SecuritySpring\SpringSecurity\SpringSecurity\src\test\resources
2023-04-13 15:07:15,154 [Worker-32: Building] INFO  o.e.m.c.i.l.LifecycleMappingFactory - Using org.eclipse.m2e.jdt.JarLifecycleMapping lifecycle mapping for MavenProject: com.example:SpringSecurity:0.0.1-SNAPSHOT @ D:\SecuritySpring\SpringSecurity\SpringSecurity\pom.xml.
2023-04-13 15:07:16,204 [Worker-32: Building] INFO  o.a.m.s.f.DefaultMavenResourcesFiltering - Copying 0 resource
2023-04-13 15:07:16,204 [Worker-32: Building] INFO  o.a.m.s.f.DefaultMavenResourcesFiltering - Copying 0 resource
2023-04-13 15:07:16,211 [Worker-32: Building] INFO  o.a.m.s.f.DefaultMavenResourcesFiltering - skip non existing resourceDirectory D:\SecuritySpring\SpringSecurity\SpringSecurity\src\test\resources
2023-04-13 15:07:18,296 [Worker-35: Building] INFO  o.a.m.s.f.DefaultMavenResourcesFiltering - Copying 1 resource
2023-04-13 15:07:18,324 [Worker-35: Building] INFO  o.a.m.s.f.DefaultMavenResourcesFiltering - Copying 0 resource
2023-04-13 15:07:18,327 [Worker-35: Building] INFO  o.a.m.s.f.DefaultMavenResourcesFiltering - skip non existing resourceDirectory D:\SecuritySpring\SpringSecurity\SpringSecurity\src\test\resources
2023-04-13 15:13:16,017 [Worker-38: Building] INFO  o.a.m.s.f.DefaultMavenResourcesFiltering - Copying 1 resource
2023-04-13 15:13:16,025 [Worker-38: Building] INFO  o.a.m.s.f.DefaultMavenResourcesFiltering - Copying 0 resource
2023-04-13 15:13:16,029 [Worker-38: Building] INFO  o.a.m.s.f.DefaultMavenResourcesFiltering - skip non existing resourceDirectory D:\SecuritySpring\SpringSecurity\SpringSecurity\src\test\resources
2023-04-13 16:27:16,370 [Worker-48: Building] INFO  o.e.m.c.i.l.LifecycleMappingFactory - Using org.eclipse.m2e.jdt.JarLifecycleMapping lifecycle mapping for MavenProject: com.example:SpringSecurity:0.0.1-SNAPSHOT @ D:\SecuritySpring\SpringSecurity\SpringSecurity\pom.xml.
2023-04-13 16:27:18,299 [Worker-48: Building] INFO  o.a.m.s.f.DefaultMavenResourcesFiltering - Copying 1 resource
2023-04-13 16:27:18,319 [Worker-48: Building] INFO  o.a.m.s.f.DefaultMavenResourcesFiltering - Copying 0 resource
2023-04-13 16:27:18,323 [Worker-48: Building] INFO  o.a.m.s.f.DefaultMavenResourcesFiltering - skip non existing resourceDirectory D:\SecuritySpring\SpringSecurity\SpringSecurity\src\test\resources
2023-04-13 16:27:20,367 [Worker-49: Building] INFO  o.a.m.s.f.DefaultMavenResourcesFiltering - Copying 1 resource
2023-04-13 16:27:20,376 [Worker-49: Building] INFO  o.a.m.s.f.DefaultMavenResourcesFiltering - Copying 0 resource
2023-04-13 16:27:20,380 [Worker-49: Building] INFO  o.a.m.s.f.DefaultMavenResourcesFiltering - skip non existing resourceDirectory D:\SecuritySpring\SpringSecurity\SpringSecurity\src\test\resources
2023-04-13 16:28:09,238 [Worker-49: Building] INFO  o.a.m.s.f.DefaultMavenResourcesFiltering - Copying 1 resource
2023-04-13 16:28:09,244 [Worker-49: Building] INFO  o.a.m.s.f.DefaultMavenResourcesFiltering - Copying 0 resource
2023-04-13 16:28:09,248 [Worker-49: Building] INFO  o.a.m.s.f.DefaultMavenResourcesFiltering - skip non existing resourceDirectory D:\SecuritySpring\SpringSecurity\SpringSecurity\src\test\resources
2023-04-13 16:32:53,351 [Worker-52: Building] INFO  o.a.m.s.f.DefaultMavenResourcesFiltering - Copying 1 resource
2023-04-13 16:32:53,368 [Worker-52: Building] INFO  o.a.m.s.f.DefaultMavenResourcesFiltering - Copying 0 resource
2023-04-13 16:32:53,374 [Worker-52: Building] INFO  o.a.m.s.f.DefaultMavenResourcesFiltering - skip non existing resourceDirectory D:\SecuritySpring\SpringSecurity\SpringSecurity\src\test\resources
2023-04-13 16:34:36,322 [Worker-54: Building] INFO  o.a.m.s.f.DefaultMavenResourcesFiltering - Copying 1 resource
2023-04-13 16:34:36,342 [Worker-54: Building] INFO  o.a.m.s.f.DefaultMavenResourcesFiltering - Copying 0 resource
2023-04-13 16:34:36,347 [Worker-54: Building] INFO  o.a.m.s.f.DefaultMavenResourcesFiltering - skip non existing resourceDirectory D:\SecuritySpring\SpringSecurity\SpringSecurity\src\test\resources
